build/app/intermediates/proguard-rules/release/aapt_rules.txt
# Referenced at merged_manifests/release/AndroidManifest.xml:30
-keep class com.example.itzmeanjan.sensorz.MainActivity { <init>(); }
# Referenced at merged_manifests/release/AndroidManifest.xml:26
-keep class io.flutter.app.FlutterApplication { <init>(); }