build/app/outputs/mapping/release/seeds.txt
com.example.itzmeanjan.sensorz.MainActivity
com.example.itzmeanjan.sensorz.MainActivity: MainActivity()
com.example.itzmeanjan.sensorz.R$drawable: int launch_background
com.example.itzmeanjan.sensorz.R$mipmap: int ic_launcher
com.example.itzmeanjan.sensorz.R$style: int LaunchTheme
...
io.flutter.app.FlutterActivity: FlutterActivity()
io.flutter.app.FlutterApplication
io.flutter.app.FlutterApplication: FlutterApplication()
io.flutter.view.AccessibilityBridge$Action: io.flutter.view.AccessibilityBridge$Action[] values()
io.flutter.view.AccessibilityBridge$Action: io.flutter.view.AccessibilityBridge$Action valueOf(java.lang.String)
io.flutter.view.AccessibilityBridge$Flag: io.flutter.view.AccessibilityBridge$Flag[] values()
io.flutter.view.AccessibilityBridge$Flag: io.flutter.view.AccessibilityBridge$Flag valueOf(java.lang.String)
io.flutter.view.AccessibilityBridge$TextDirection: io.flutter.view.AccessibilityBridge$TextDirection[] values()
io.flutter.view.AccessibilityBridge$TextDirection: io.flutter.view.AccessibilityBridge$TextDirection valueOf(java.lang.String)
io.flutter.view.FlutterCallbackInformation
io.flutter.view.FlutterCallbackInformation: io.flutter.view.FlutterCallbackInformation nativeLookupCallbackInformation(long)
io.flutter.view.FlutterMain
io.flutter.view.FlutterMain: void nativeInit(android.content.Context,java.lang.String[],java.lang.String,java.lang.String,java.lang.String)
io.flutter.view.FlutterMain: void nativeRecordStartTimestamp(long)
io.flutter.view.FlutterNativeView
io.flutter.view.FlutterNativeView: long nativeAttach(io.flutter.view.FlutterNativeView,boolean)
io.flutter.view.FlutterNativeView: void nativeDestroy(long)
io.flutter.view.FlutterNativeView: void nativeDetach(long)
io.flutter.view.FlutterNativeView: void nativeRunBundleAndSnapshotFromLibrary(long,java.lang.String,java.lang.String,java.lang.String,java.lang.String,android.content.res.AssetManager)
io.flutter.view.FlutterNativeView: java.lang.String nativeGetObservatoryUri()
io.flutter.view.FlutterNativeView: void nativeDispatchEmptyPlatformMessage(long,java.lang.String,int)
io.flutter.view.FlutterNativeView: void nativeDispatchPlatformMessage(long,java.lang.String,java.nio.ByteBuffer,int,int)
io.flutter.view.FlutterNativeView: void nativeInvokePlatformMessageEmptyResponseCallback(long,int)
io.flutter.view.FlutterNativeView: void nativeInvokePlatformMessageResponseCallback(long,int,java.nio.ByteBuffer,int)
io.flutter.view.FlutterView
io.flutter.view.FlutterView: io.flutter.view.FlutterNativeView getFlutterNativeView()
io.flutter.view.FlutterView: io.flutter.app.FlutterPluginRegistry getPluginRegistry()
io.flutter.view.FlutterView: void setInitialRoute(java.lang.String)
io.flutter.view.FlutterView: void setLocales(android.content.res.Configuration)
io.flutter.view.FlutterView: float getDevicePixelRatio()
io.flutter.view.FlutterView: android.graphics.Bitmap getBitmap()
io.flutter.view.FlutterView: void nativeSurfaceCreated(long,android.view.Surface)
io.flutter.view.FlutterView: void nativeSurfaceChanged(long,int,int)
io.flutter.view.FlutterView: void nativeSurfaceDestroyed(long)
io.flutter.view.FlutterView: void nativeSetViewportMetrics(long,float,int,int,int,int,int,int,int,int,int,int)
io.flutter.view.FlutterView: android.graphics.Bitmap nativeGetBitmap(long)
io.flutter.view.FlutterView: void nativeDispatchPointerDataPacket(long,java.nio.ByteBuffer,int)
io.flutter.view.FlutterView: void nativeDispatchSemanticsAction(long,int,int,java.nio.ByteBuffer,int)
io.flutter.view.FlutterView: void nativeSetSemanticsEnabled(long,boolean)
io.flutter.view.FlutterView: void nativeSetAccessibilityFeatures(long,int)
io.flutter.view.FlutterView: boolean nativeGetIsSoftwareRenderingEnabled()
io.flutter.view.FlutterView: void nativeRegisterTexture(long,long,android.graphics.SurfaceTexture)
io.flutter.view.FlutterView: void nativeMarkTextureFrameAvailable(long,long)
io.flutter.view.FlutterView$AccessibilityFeature: io.flutter.view.FlutterView$AccessibilityFeature[] values()
io.flutter.view.FlutterView$AccessibilityFeature: io.flutter.view.FlutterView$AccessibilityFeature valueOf(java.lang.String)