build/app/outputs/mapping/release/mapping.txt
com.example.itzmeanjan.sensorz.MainActivity -> com.example.itzmeanjan.sensorz.MainActivity:
    java.lang.String methodChannelName -> a
    java.lang.String eventChannelName -> b
    io.flutter.plugin.common.MethodChannel methodChannel -> c
    android.hardware.SensorManager sensorManager -> d
    void onCreate(android.os.Bundle) -> onCreate
    void <init>() -> <init>
com.example.itzmeanjan.sensorz.MainActivity$onCreate$1 -> com.example.itzmeanjan.sensorz.MainActivity$a:
    com.example.itzmeanjan.sensorz.MainActivity this$0 -> a
    void <init>(com.example.itzmeanjan.sensorz.MainActivity) -> <init>
...
io.flutter.app.FlutterPluginRegistry$FlutterRegistrar -> io.flutter.app.d$a:
    java.lang.String pluginKey -> b
    io.flutter.app.FlutterPluginRegistry this$0 -> a
    void <init>(io.flutter.app.FlutterPluginRegistry,java.lang.String) -> <init>
io.flutter.plugin.common.ActivityLifecycleListener -> io.flutter.a.a.a:
    void onPostResume() -> a
io.flutter.plugin.common.BasicMessageChannel -> io.flutter.a.a.b:
    io.flutter.plugin.common.BinaryMessenger messenger -> b
    java.lang.String name -> c
    io.flutter.plugin.common.MessageCodec codec -> d
    boolean $assertionsDisabled -> a
    void <init>(io.flutter.plugin.common.BinaryMessenger,java.lang.String,io.flutter.plugin.common.MessageCodec) -> <init>
    void send(java.lang.Object) -> a
    void send(java.lang.Object,io.flutter.plugin.common.BasicMessageChannel$Reply) -> a
    void setMessageHandler(io.flutter.plugin.common.BasicMessageChannel$MessageHandler) -> a
    void <clinit>() -> <clinit>
io.flutter.plugin.common.BasicMessageChannel$1 -> io.flutter.a.a.b$1:
io.flutter.plugin.common.BasicMessageChannel$IncomingMessageHandler -> io.flutter.a.a.b$a:
    io.flutter.plugin.common.BasicMessageChannel$MessageHandler handler -> b
    io.flutter.plugin.common.BasicMessageChannel this$0 -> a
    void <init>(io.flutter.plugin.common.BasicMessageChannel,io.flutter.plugin.common.BasicMessageChannel$MessageHandler) -> <init>
    void <init>(io.flutter.plugin.common.BasicMessageChannel,io.flutter.plugin.common.BasicMessageChannel$MessageHandler,io.flutter.plugin.common.BasicMessageChannel$1) -> <init>
io.flutter.plugin.common.BasicMessageChannel$IncomingReplyHandler -> io.flutter.a.a.b$b:
    io.flutter.plugin.common.BasicMessageChannel$Reply callback -> b
    io.flutter.plugin.common.BasicMessageChannel this$0 -> a
    void <init>(io.flutter.plugin.common.BasicMessageChannel,io.flutter.plugin.common.BasicMessageChannel$Reply) -> <init>
    void <init>(io.flutter.plugin.common.BasicMessageChannel,io.flutter.plugin.common.BasicMessageChannel$Reply,io.flutter.plugin.common.BasicMessageChannel$1) -> <init>
io.flutter.plugin.common.BasicMessageChannel$MessageHandler -> io.flutter.a.a.b$c:
io.flutter.plugin.common.BasicMessageChannel$Reply -> io.flutter.a.a.b$d:
io.flutter.plugin.common.BinaryMessenger -> io.flutter.a.a.c:
    void send(java.lang.String,java.nio.ByteBuffer,io.flutter.plugin.common.BinaryMessenger$BinaryReply) -> a
    void setMessageHandler(java.lang.String,io.flutter.plugin.common.BinaryMessenger$BinaryMessageHandler) -> a
io.flutter.plugin.common.BinaryMessenger$BinaryMessageHandler -> io.flutter.a.a.c$a:
io.flutter.plugin.common.BinaryMessenger$BinaryReply -> io.flutter.a.a.c$b:
io.flutter.plugin.common.JSONMessageCodec -> io.flutter.a.a.d:
    io.flutter.plugin.common.JSONMessageCodec INSTANCE -> a
    void <init>() -> <init>
    java.nio.ByteBuffer encodeMessage(java.lang.Object) -> a
    void <clinit>() -> <clinit>
io.flutter.plugin.common.JSONMethodCodec -> io.flutter.a.a.e:
    io.flutter.plugin.common.JSONMethodCodec INSTANCE -> a
    void <init>() -> <init>
    java.nio.ByteBuffer encodeMethodCall(io.flutter.plugin.common.MethodCall) -> a
    void <clinit>() -> <clinit>
io.flutter.plugin.common.JSONUtil -> io.flutter.a.a.f:
    java.lang.Object wrap(java.lang.Object) -> a
io.flutter.plugin.common.MessageCodec -> io.flutter.a.a.g:
    java.nio.ByteBuffer encodeMessage(java.lang.Object) -> a
io.flutter.plugin.common.MethodCall -> io.flutter.a.a.h:
    java.lang.String method -> a
    java.lang.Object arguments -> b
    boolean $assertionsDisabled -> c
    void <init>(java.lang.String,java.lang.Object) -> <init>
    void <clinit>() -> <clinit>