build/app/outputs/mapping/release/usage.txt
com.example.itzmeanjan.sensorz.BuildConfig
com.example.itzmeanjan.sensorz.MainActivity:
    private io.flutter.plugin.common.EventChannel eventChannel
    38:51:private final void initSensorEventListener()
    54:69:private final java.util.Map extractSensorInfo(android.hardware.Sensor)
    74:184:private final java.util.Map getSensorsList()
    14:14:public static final synthetic io.flutter.plugin.common.EventChannel access$getEventChannel$p(com.example.itzmeanjan.sensorz.MainActivity)
    14:14:public static final synthetic void access$setEventChannel$p(com.example.itzmeanjan.sensorz.MainActivity,io.flutter.plugin.common.EventChannel)
    14:14:public static final synthetic java.lang.String access$getEventChannelName$p(com.example.itzmeanjan.sensorz.MainActivity)
    14:14:public static final synthetic java.util.Map access$getSensorsList(com.example.itzmeanjan.sensorz.MainActivity)
    14:14:public static final synthetic void access$initSensorEventListener(com.example.itzmeanjan.sensorz.MainActivity)
    14:14:public static final synthetic android.hardware.SensorManager access$getSensorManager$p(com.example.itzmeanjan.sensorz.MainActivity)
    14:14:public static final synthetic void access$setSensorManager$p(com.example.itzmeanjan.sensorz.MainActivity,android.hardware.SensorManager)
com.example.itzmeanjan.sensorz.MainActivity$initSensorEventListener$1
com.example.itzmeanjan.sensorz.MainActivity$onCreate$1:
    26:34:public final void onMethodCall(io.flutter.plugin.common.MethodCall,io.flutter.plugin.common.MethodChannel$Result)
com.example.itzmeanjan.sensorz.MySensorListener
com.example.itzmeanjan.sensorz.R
com.example.itzmeanjan.sensorz.R$drawable
com.example.itzmeanjan.sensorz.R$mipmap
com.example.itzmeanjan.sensorz.R$style
...
kotlin.collections.CollectionsKt___CollectionsKt$asSequence$$inlined$Sequence$1
kotlin.collections.CollectionsKt___CollectionsKt$elementAt$1
kotlin.collections.CollectionsKt___CollectionsKt$groupingBy$1
kotlin.collections.CollectionsKt___CollectionsKt$withIndex$1
kotlin.collections.DoubleIterator
kotlin.collections.EmptyIterator
kotlin.collections.EmptyList
kotlin.collections.EmptyMap
kotlin.collections.EmptySet
kotlin.collections.FloatIterator
kotlin.collections.Grouping
kotlin.collections.GroupingKt
kotlin.collections.GroupingKt__GroupingJVMKt
kotlin.collections.GroupingKt__GroupingKt
kotlin.collections.IndexedValue
kotlin.collections.IndexingIterable
kotlin.collections.IndexingIterator
kotlin.collections.IntIterator
kotlin.collections.LongIterator
kotlin.collections.MapAccessorsKt
kotlin.collections.MapWithDefault
kotlin.collections.MapWithDefaultImpl
kotlin.collections.MapsKt
kotlin.collections.MapsKt__MapWithDefaultKt
kotlin.collections.MapsKt__MapsJVMKt
kotlin.collections.MapsKt__MapsKt
kotlin.collections.MapsKt___MapsKt
kotlin.collections.MovingSubList
kotlin.collections.MutableMapWithDefault
kotlin.collections.MutableMapWithDefaultImpl
kotlin.collections.ReversedList
kotlin.collections.ReversedListReadOnly
kotlin.collections.RingBuffer
kotlin.collections.RingBuffer$iterator$1
kotlin.collections.SetsKt
kotlin.collections.SetsKt__SetsJVMKt
kotlin.collections.SetsKt__SetsKt
kotlin.collections.SetsKt___SetsKt
kotlin.collections.ShortIterator
kotlin.collections.SlidingWindowKt
kotlin.collections.SlidingWindowKt$windowedIterator$1
kotlin.collections.SlidingWindowKt$windowedSequence$$inlined$Sequence$1
kotlin.collections.State
kotlin.collections.TypeAliasesKt
kotlin.collections.UArraysKt
kotlin.collections.UArraysKt___UArraysKt
kotlin.collections.UByteIterator
kotlin.collections.UIntIterator
kotlin.collections.ULongIterator
kotlin.collections.UShortIterator
kotlin.comparisons.ComparisonsKt
kotlin.comparisons.ComparisonsKt__ComparisonsKt
kotlin.comparisons.ComparisonsKt__ComparisonsKt$compareBy$1
kotlin.comparisons.ComparisonsKt__ComparisonsKt$compareBy$2
kotlin.comparisons.ComparisonsKt__ComparisonsKt$compareBy$3
kotlin.comparisons.ComparisonsKt__ComparisonsKt$compareByDescending$1
kotlin.comparisons.ComparisonsKt__ComparisonsKt$compareByDescending$2
kotlin.comparisons.ComparisonsKt__ComparisonsKt$nullsFirst$1
kotlin.comparisons.ComparisonsKt__ComparisonsKt$nullsLast$1
kotlin.comparisons.ComparisonsKt__ComparisonsKt$then$1
kotlin.comparisons.ComparisonsKt__ComparisonsKt$thenBy$1
kotlin.comparisons.ComparisonsKt__ComparisonsKt$thenBy$2
kotlin.comparisons.ComparisonsKt__ComparisonsKt$thenByDescending$1
kotlin.comparisons.ComparisonsKt__ComparisonsKt$thenByDescending$2
kotlin.comparisons.ComparisonsKt__ComparisonsKt$thenComparator$1
kotlin.comparisons.ComparisonsKt__ComparisonsKt$thenDescending$1
kotlin.comparisons.ComparisonsKt___ComparisonsJvmKt
kotlin.comparisons.ComparisonsKt___ComparisonsKt
kotlin.comparisons.NaturalOrderComparator
kotlin.comparisons.ReverseOrderComparator
kotlin.comparisons.ReversedComparator
kotlin.concurrent.LocksKt
kotlin.concurrent.ThreadsKt
kotlin.concurrent.ThreadsKt$thread$thread$1
kotlin.concurrent.TimersKt
kotlin.concurrent.TimersKt$timerTask$1
kotlin.contracts.CallsInPlace
kotlin.contracts.ConditionalEffect
kotlin.contracts.ContractBuilder
kotlin.contracts.ContractBuilder$DefaultImpls
kotlin.contracts.ContractBuilderKt
kotlin.contracts.Effect
kotlin.contracts.ExperimentalContracts
kotlin.contracts.InvocationKind
kotlin.contracts.Returns
kotlin.contracts.ReturnsNotNull
kotlin.contracts.SimpleEffect
kotlin.coroutines.AbstractCoroutineContextElement
kotlin.coroutines.CombinedContext
kotlin.coroutines.CombinedContext$Serialized
kotlin.coroutines.CombinedContext$Serialized$Companion
kotlin.coroutines.CombinedContext$toString$1
kotlin.coroutines.CombinedContext$writeReplace$1
kotlin.coroutines.Continuation
kotlin.coroutines.ContinuationInterceptor
kotlin.coroutines.ContinuationInterceptor$DefaultImpls